2026-04-29 15:09:49 | amazon_scraper | INFO | scrape_category:198 | Amazon | page 1 | https://www.amazon.com/s?k=lipstick&i=beauty&page=1
2026-04-29 15:09:51 | amazon_scraper | DEBUG | _parse_search_page:99 | Found 60 result cards
2026-04-29 15:11:28 | amazon_scraper | INFO | scrape_category:198 | Amazon | page 1 | https://www.amazon.com/s?k=lipstick&i=beauty&page=1
2026-04-29 15:11:28 | amazon_scraper | WARNING | scrape_category:208 | HTTP 503 on attempt 1
2026-04-29 15:11:36 | amazon_scraper | DEBUG | _parse_search_page:99 | Found 48 result cards
2026-04-29 15:11:37 | amazon_scraper | INFO | scrape_category:198 | Amazon | page 2 | https://www.amazon.com/s?k=lipstick&i=beauty&page=2
2026-04-29 15:11:39 | amazon_scraper | DEBUG | _parse_search_page:99 | Found 60 result cards
2026-04-29 15:11:42 | amazon_scraper | INFO | scrape_category:246 | Amazon | 'lipstick' | scraped 50 products
2026-04-29 15:11:42 | amazon_scraper | INFO | scrape_all:258 | Saved 50 products → /Users/yanoperdices/Downloads/files/data/raw/amazon_lipstick.json
2026-04-29 15:11:42 | amazon_scraper | INFO | scrape_category:198 | Amazon | page 1 | https://www.amazon.com/s?k=mascara&i=beauty&page=1
2026-04-29 15:11:42 | amazon_scraper | WARNING | scrape_category:208 | HTTP 503 on attempt 1
2026-04-29 15:11:49 | amazon_scraper | DEBUG | _parse_search_page:99 | Found 60 result cards
2026-04-29 15:11:51 | amazon_scraper | INFO | scrape_category:246 | Amazon | 'mascara' | scraped 50 products
2026-04-29 15:11:51 | amazon_scraper | INFO | scrape_all:258 | Saved 50 products → /Users/yanoperdices/Downloads/files/data/raw/amazon_mascara.json
2026-04-29 15:11:51 | amazon_scraper | INFO | scrape_category:198 | Amazon | page 1 | https://www.amazon.com/s?k=foundation&i=beauty&page=1
2026-04-29 15:11:52 | amazon_scraper | DEBUG | _parse_search_page:99 | Found 60 result cards
2026-04-29 15:11:54 | amazon_scraper | INFO | scrape_category:246 | Amazon | 'foundation' | scraped 50 products
2026-04-29 15:11:54 | amazon_scraper | INFO | scrape_all:258 | Saved 50 products → /Users/yanoperdices/Downloads/files/data/raw/amazon_foundation.json
2026-04-29 15:11:54 | amazon_scraper | INFO | scrape_category:198 | Amazon | page 1 | https://www.amazon.com/s?k=eyeshadow&i=beauty&page=1
2026-04-29 15:11:54 | amazon_scraper | WARNING | scrape_category:208 | HTTP 503 on attempt 1
2026-04-29 15:12:00 | amazon_scraper | DEBUG | _parse_search_page:99 | Found 60 result cards
2026-04-29 15:12:03 | amazon_scraper | INFO | scrape_category:246 | Amazon | 'eyeshadow' | scraped 50 products
2026-04-29 15:12:03 | amazon_scraper | INFO | scrape_all:258 | Saved 50 products → /Users/yanoperdices/Downloads/files/data/raw/amazon_eyeshadow.json
2026-04-29 15:12:03 | amazon_scraper | INFO | scrape_category:198 | Amazon | page 1 | https://www.amazon.com/s?k=blush&i=beauty&page=1
2026-04-29 15:12:05 | amazon_scraper | DEBUG | _parse_search_page:99 | Found 60 result cards
2026-04-29 15:12:07 | amazon_scraper | INFO | scrape_category:246 | Amazon | 'blush' | scraped 50 products
2026-04-29 15:12:07 | amazon_scraper | INFO | scrape_all:258 | Saved 50 products → /Users/yanoperdices/Downloads/files/data/raw/amazon_blush.json
2026-04-29 15:12:07 | amazon_scraper | INFO | scrape_category:198 | Amazon | page 1 | https://www.amazon.com/s?k=concealer&i=beauty&page=1
2026-04-29 15:12:07 | amazon_scraper | WARNING | scrape_category:208 | HTTP 503 on attempt 1
2026-04-29 15:12:13 | amazon_scraper | DEBUG | _parse_search_page:99 | Found 60 result cards
2026-04-29 15:12:16 | amazon_scraper | INFO | scrape_category:246 | Amazon | 'concealer' | scraped 50 products
2026-04-29 15:12:16 | amazon_scraper | INFO | scrape_all:258 | Saved 50 products → /Users/yanoperdices/Downloads/files/data/raw/amazon_concealer.json
2026-04-29 15:12:16 | amazon_scraper | INFO | scrape_category:198 | Amazon | page 1 | https://www.amazon.com/s?k=primer&i=beauty&page=1
2026-04-29 15:12:16 | amazon_scraper | WARNING | scrape_category:208 | HTTP 503 on attempt 1
2026-04-29 15:12:23 | amazon_scraper | DEBUG | _parse_search_page:99 | Found 60 result cards
2026-04-29 15:12:25 | amazon_scraper | INFO | scrape_category:246 | Amazon | 'primer' | scraped 50 products
2026-04-29 15:12:25 | amazon_scraper | INFO | scrape_all:258 | Saved 50 products → /Users/yanoperdices/Downloads/files/data/raw/amazon_primer.json
2026-04-29 15:12:25 | amazon_scraper | INFO | scrape_category:198 | Amazon | page 1 | https://www.amazon.com/s?k=setting_spray&i=beauty&page=1
2026-04-29 15:12:25 | amazon_scraper | WARNING | scrape_category:208 | HTTP 503 on attempt 1
2026-04-29 15:12:30 | amazon_scraper | DEBUG | _parse_search_page:99 | Found 60 result cards
2026-04-29 15:12:33 | amazon_scraper | INFO | scrape_category:246 | Amazon | 'setting_spray' | scraped 50 products
2026-04-29 15:12:33 | amazon_scraper | INFO | scrape_all:258 | Saved 50 products → /Users/yanoperdices/Downloads/files/data/raw/amazon_setting_spray.json
2026-04-29 15:18:03 | amazon_scraper | INFO | scrape_category:198 | Amazon | page 1 | https://www.amazon.com/s?k=lipstick&i=beauty&page=1
2026-04-29 15:18:03 | amazon_scraper | WARNING | scrape_category:208 | HTTP 503 on attempt 1
2026-04-29 15:18:11 | amazon_scraper | DEBUG | _parse_search_page:99 | Found 60 result cards
2026-04-29 15:18:14 | amazon_scraper | INFO | scrape_category:246 | Amazon | 'lipstick' | scraped 50 products
2026-04-29 15:18:14 | amazon_scraper | INFO | scrape_all:258 | Saved 50 products → /Users/yanoperdices/Downloads/files/data/raw/amazon_lipstick.json
2026-04-29 15:18:14 | amazon_scraper | INFO | scrape_category:198 | Amazon | page 1 | https://www.amazon.com/s?k=mascara&i=beauty&page=1
2026-04-29 15:18:15 | amazon_scraper | DEBUG | _parse_search_page:99 | Found 60 result cards
2026-04-29 15:18:18 | amazon_scraper | INFO | scrape_category:246 | Amazon | 'mascara' | scraped 50 products
2026-04-29 15:18:18 | amazon_scraper | INFO | scrape_all:258 | Saved 50 products → /Users/yanoperdices/Downloads/files/data/raw/amazon_mascara.json
2026-04-29 15:18:18 | amazon_scraper | INFO | scrape_category:198 | Amazon | page 1 | https://www.amazon.com/s?k=foundation&i=beauty&page=1
2026-04-29 15:18:19 | amazon_scraper | DEBUG | _parse_search_page:99 | Found 60 result cards
2026-04-29 15:18:21 | amazon_scraper | INFO | scrape_category:246 | Amazon | 'foundation' | scraped 50 products
2026-04-29 15:18:21 | amazon_scraper | INFO | scrape_all:258 | Saved 50 products → /Users/yanoperdices/Downloads/files/data/raw/amazon_foundation.json
2026-04-29 15:18:21 | amazon_scraper | INFO | scrape_category:198 | Amazon | page 1 | https://www.amazon.com/s?k=eyeshadow&i=beauty&page=1
2026-04-29 15:18:23 | amazon_scraper | DEBUG | _parse_search_page:99 | Found 60 result cards
2026-04-29 15:18:26 | amazon_scraper | INFO | scrape_category:246 | Amazon | 'eyeshadow' | scraped 50 products
2026-04-29 15:18:26 | amazon_scraper | INFO | scrape_all:258 | Saved 50 products → /Users/yanoperdices/Downloads/files/data/raw/amazon_eyeshadow.json
2026-04-29 15:18:26 | amazon_scraper | INFO | scrape_category:198 | Amazon | page 1 | https://www.amazon.com/s?k=blush&i=beauty&page=1
2026-04-29 15:18:27 | amazon_scraper | DEBUG | _parse_search_page:99 | Found 60 result cards
2026-04-29 15:18:31 | amazon_scraper | INFO | scrape_category:246 | Amazon | 'blush' | scraped 50 products
2026-04-29 15:18:31 | amazon_scraper | INFO | scrape_all:258 | Saved 50 products → /Users/yanoperdices/Downloads/files/data/raw/amazon_blush.json
2026-04-29 15:18:31 | amazon_scraper | INFO | scrape_category:198 | Amazon | page 1 | https://www.amazon.com/s?k=concealer&i=beauty&page=1
2026-04-29 15:18:31 | amazon_scraper | WARNING | scrape_category:208 | HTTP 503 on attempt 1
2026-04-29 15:18:37 | amazon_scraper | DEBUG | _parse_search_page:99 | Found 48 result cards
2026-04-29 15:18:39 | amazon_scraper | INFO | scrape_category:198 | Amazon | page 2 | https://www.amazon.com/s?k=concealer&i=beauty&page=2
2026-04-29 15:18:41 | amazon_scraper | DEBUG | _parse_search_page:99 | Found 60 result cards
2026-04-29 15:18:44 | amazon_scraper | INFO | scrape_category:246 | Amazon | 'concealer' | scraped 50 products
2026-04-29 15:18:44 | amazon_scraper | INFO | scrape_all:258 | Saved 50 products → /Users/yanoperdices/Downloads/files/data/raw/amazon_concealer.json
2026-04-29 15:18:44 | amazon_scraper | INFO | scrape_category:198 | Amazon | page 1 | https://www.amazon.com/s?k=primer&i=beauty&page=1
2026-04-29 15:18:46 | amazon_scraper | DEBUG | _parse_search_page:99 | Found 60 result cards
2026-04-29 15:18:49 | amazon_scraper | INFO | scrape_category:246 | Amazon | 'primer' | scraped 50 products
2026-04-29 15:18:49 | amazon_scraper | INFO | scrape_all:258 | Saved 50 products → /Users/yanoperdices/Downloads/files/data/raw/amazon_primer.json
2026-04-29 15:18:49 | amazon_scraper | INFO | scrape_category:198 | Amazon | page 1 | https://www.amazon.com/s?k=setting_spray&i=beauty&page=1
2026-04-29 15:18:50 | amazon_scraper | DEBUG | _parse_search_page:99 | Found 60 result cards
2026-04-29 15:18:52 | amazon_scraper | INFO | scrape_category:246 | Amazon | 'setting_spray' | scraped 50 products
2026-04-29 15:18:52 | amazon_scraper | INFO | scrape_all:258 | Saved 50 products → /Users/yanoperdices/Downloads/files/data/raw/amazon_setting_spray.json
2026-04-29 16:42:01 | amazon_scraper | INFO | scrape_category:198 | Amazon | page 1 | https://www.amazon.com/s?k=lipstick&i=beauty&page=1
2026-04-29 16:42:02 | amazon_scraper | DEBUG | _parse_search_page:99 | Found 60 result cards
2026-04-29 16:42:05 | amazon_scraper | INFO | scrape_category:246 | Amazon | 'lipstick' | scraped 50 products
2026-04-29 16:42:05 | amazon_scraper | INFO | scrape_all:258 | Saved 50 products → /Users/yanoperdices/Downloads/files/data/raw/amazon_lipstick.json
2026-04-29 16:42:05 | amazon_scraper | INFO | scrape_category:198 | Amazon | page 1 | https://www.amazon.com/s?k=mascara&i=beauty&page=1
2026-04-29 16:42:07 | amazon_scraper | DEBUG | _parse_search_page:99 | Found 60 result cards
2026-04-29 16:42:09 | amazon_scraper | INFO | scrape_category:246 | Amazon | 'mascara' | scraped 50 products
2026-04-29 16:42:09 | amazon_scraper | INFO | scrape_all:258 | Saved 50 products → /Users/yanoperdices/Downloads/files/data/raw/amazon_mascara.json
2026-04-29 16:42:09 | amazon_scraper | INFO | scrape_category:198 | Amazon | page 1 | https://www.amazon.com/s?k=foundation&i=beauty&page=1
2026-04-29 16:42:11 | amazon_scraper | DEBUG | _parse_search_page:99 | Found 60 result cards
2026-04-29 16:42:13 | amazon_scraper | INFO | scrape_category:246 | Amazon | 'foundation' | scraped 50 products
2026-04-29 16:42:13 | amazon_scraper | INFO | scrape_all:258 | Saved 50 products → /Users/yanoperdices/Downloads/files/data/raw/amazon_foundation.json
2026-04-29 16:42:13 | amazon_scraper | INFO | scrape_category:198 | Amazon | page 1 | https://www.amazon.com/s?k=eyeshadow&i=beauty&page=1
2026-04-29 16:42:15 | amazon_scraper | DEBUG | _parse_search_page:99 | Found 60 result cards
2026-04-29 16:42:18 | amazon_scraper | INFO | scrape_category:246 | Amazon | 'eyeshadow' | scraped 50 products
2026-04-29 16:42:18 | amazon_scraper | INFO | scrape_all:258 | Saved 50 products → /Users/yanoperdices/Downloads/files/data/raw/amazon_eyeshadow.json
2026-04-29 16:42:18 | amazon_scraper | INFO | scrape_category:198 | Amazon | page 1 | https://www.amazon.com/s?k=blush&i=beauty&page=1
2026-04-29 16:42:19 | amazon_scraper | DEBUG | _parse_search_page:99 | Found 60 result cards
2026-04-29 16:42:22 | amazon_scraper | INFO | scrape_category:246 | Amazon | 'blush' | scraped 50 products
2026-04-29 16:42:22 | amazon_scraper | INFO | scrape_all:258 | Saved 50 products → /Users/yanoperdices/Downloads/files/data/raw/amazon_blush.json
2026-04-29 16:42:22 | amazon_scraper | INFO | scrape_category:198 | Amazon | page 1 | https://www.amazon.com/s?k=concealer&i=beauty&page=1
2026-04-29 16:42:24 | amazon_scraper | DEBUG | _parse_search_page:99 | Found 48 result cards
2026-04-29 16:42:27 | amazon_scraper | INFO | scrape_category:198 | Amazon | page 2 | https://www.amazon.com/s?k=concealer&i=beauty&page=2
2026-04-29 16:42:28 | amazon_scraper | DEBUG | _parse_search_page:99 | Found 60 result cards
2026-04-29 16:42:30 | amazon_scraper | INFO | scrape_category:246 | Amazon | 'concealer' | scraped 50 products
2026-04-29 16:42:30 | amazon_scraper | INFO | scrape_all:258 | Saved 50 products → /Users/yanoperdices/Downloads/files/data/raw/amazon_concealer.json
2026-04-29 16:42:30 | amazon_scraper | INFO | scrape_category:198 | Amazon | page 1 | https://www.amazon.com/s?k=primer&i=beauty&page=1
2026-04-29 16:42:32 | amazon_scraper | DEBUG | _parse_search_page:99 | Found 48 result cards
2026-04-29 16:42:33 | amazon_scraper | INFO | scrape_category:198 | Amazon | page 2 | https://www.amazon.com/s?k=primer&i=beauty&page=2
2026-04-29 16:42:34 | amazon_scraper | DEBUG | _parse_search_page:99 | Found 60 result cards
2026-04-29 16:42:37 | amazon_scraper | INFO | scrape_category:246 | Amazon | 'primer' | scraped 50 products
2026-04-29 16:42:37 | amazon_scraper | INFO | scrape_all:258 | Saved 50 products → /Users/yanoperdices/Downloads/files/data/raw/amazon_primer.json
2026-04-29 16:42:37 | amazon_scraper | INFO | scrape_category:198 | Amazon | page 1 | https://www.amazon.com/s?k=setting_spray&i=beauty&page=1
2026-04-29 16:42:39 | amazon_scraper | DEBUG | _parse_search_page:99 | Found 60 result cards
2026-04-29 16:42:39 | amazon_scraper | INFO | scrape_category:246 | Amazon | 'setting_spray' | scraped 50 products
2026-04-29 16:42:40 | amazon_scraper | INFO | scrape_all:258 | Saved 50 products → /Users/yanoperdices/Downloads/files/data/raw/amazon_setting_spray.json
